# JRE version: Java(TM) SE Runtime Environment (8.0_151-b12) (build 1.8.0_151-b12)
# Java VM: Java HotSpot(TM) 64-Bit Server VM (25.151-b12 mixed mode bsd-amd64 compressed oops)
Heap:
 PSYoungGen      total 38400K, used 12414K [0x0000000795580000, 0x0000000799880000, 0x00000007c0000000)
  eden space 33280K, 22% used [0x0000000795580000,0x0000000795ca6c30,0x0000000797600000)
  from space 5120K, 99% used [0x0000000797600000,0x0000000797af8ef0,0x0000000797b00000)
  to   space 5120K, 0% used [0x0000000799380000,0x0000000799380000,0x0000000799880000)
 ParOldGen       total 45056K, used 7858K [0x0000000740000000, 0x0000000742c00000, 0x0000000795580000)
  object space 45056K, 17% used [0x0000000740000000,0x00000007407ac980,0x0000000742c00000)
 Metaspace       used 21613K, capacity 22074K, committed 22320K, reserved 1069056K
  class space    used 2226K, capacity 2371K, committed 2432K, reserved 1048576K
GC Heap History (8 events):
Event: 6.968 GC heap before
{Heap before GC invocations=1 (full 0):
 PSYoungGen      total 38400K, used 32438K [0x0000000795580000, 0x0000000798000000, 0x00000007c0000000)
  eden space 33280K, 97% used [0x0000000795580000,0x000000079752da18,0x0000000797600000)
  from space 5120K, 0% used [0x0000000797b00000,0x0000000797b00000,0x0000000798000000)
  to   space 5120K, 0% used [0x0000000797600000,0x0000000797600000,0x0000000797b00000)
 ParOldGen       total 87552K, used 0K [0x0000000740000000, 0x0000000745580000, 0x0000000795580000)
  object space 87552K, 0% used [0x0000000740000000,0x0000000740000000,0x0000000745580000)
 Metaspace       used 17897K, capacity 18216K, committed 18560K, reserved 1064960K
  class space    used 1953K, capacity 2068K, committed 2176K, reserved 1048576K
Event: 6.977 GC heap after
Heap after GC invocations=1 (full 0):
 PSYoungGen      total 38400K, used 5107K [0x0000000795580000, 0x0000000798000000, 0x00000007c0000000)
  eden space 33280K, 0% used [0x0000000795580000,0x0000000795580000,0x0000000797600000)
  from space 5120K, 99% used [0x0000000797600000,0x0000000797afcce0,0x0000000797b00000)
  to   space 5120K, 0% used [0x0000000797b00000,0x0000000797b00000,0x0000000798000000)
 ParOldGen       total 87552K, used 1529K [0x0000000740000000, 0x0000000745580000, 0x0000000795580000)
  object space 87552K, 1% used [0x0000000740000000,0x000000074017e408,0x0000000745580000)
 Metaspace       used 17897K, capacity 18216K, committed 18560K, reserved 1064960K
  class space    used 1953K, capacity 2068K, committed 2176K, reserved 1048576K
}
Event: 15.690 GC heap before
{Heap before GC invocations=2 (full 0):
 PSYoungGen      total 38400K, used 27476K [0x0000000795580000, 0x0000000798000000, 0x00000007c0000000)
  eden space 33280K, 67% used [0x0000000795580000,0x0000000796b58650,0x0000000797600000)
  from space 5120K, 99% used [0x0000000797600000,0x0000000797afcce0,0x0000000797b00000)
  to   space 5120K, 0% used [0x0000000797b00000,0x0000000797b00000,0x0000000798000000)
 ParOldGen       total 87552K, used 1529K [0x0000000740000000, 0x0000000745580000, 0x0000000795580000)
  object space 87552K, 1% used [0x0000000740000000,0x000000074017e408,0x0000000745580000)
 Metaspace       used 20720K, capacity 21114K, committed 21296K, reserved 1069056K
  class space    used 2189K, capacity 2307K, committed 2432K, reserved 1048576K
Event: 15.709 GC heap after
Heap after GC invocations=2 (full 0):
 PSYoungGen      total 38400K, used 5112K [0x0000000795580000, 0x0000000798000000, 0x00000007c0000000)
  eden space 33280K, 0% used [0x0000000795580000,0x0000000795580000,0x0000000797600000)
  from space 5120K, 99% used [0x0000000797b00000,0x0000000797ffe1d8,0x0000000798000000)
  to   space 5120K, 0% used [0x0000000797600000,0x0000000797600000,0x0000000797b00000)
 ParOldGen       total 87552K, used 5543K [0x0000000740000000, 0x0000000745580000, 0x0000000795580000)
  object space 87552K, 6% used [0x0000000740000000,0x0000000740569fe0,0x0000000745580000)
 Metaspace       used 20720K, capacity 21114K, committed 21296K, reserved 1069056K
  class space    used 2189K, capacity 2307K, committed 2432K, reserved 1048576K
}
Event: 15.709 GC heap before
{Heap before GC invocations=3 (full 1):
 PSYoungGen      total 38400K, used 5112K [0x0000000795580000, 0x0000000798000000, 0x00000007c0000000)
  eden space 33280K, 0% used [0x0000000795580000,0x0000000795580000,0x0000000797600000)
  from space 5120K, 99% used [0x0000000797b00000,0x0000000797ffe1d8,0x0000000798000000)
  to   space 5120K, 0% used [0x0000000797600000,0x0000000797600000,0x0000000797b00000)
 ParOldGen       total 87552K, used 5543K [0x0000000740000000, 0x0000000745580000, 0x0000000795580000)
  object space 87552K, 6% used [0x0000000740000000,0x0000000740569fe0,0x0000000745580000)
 Metaspace       used 20720K, capacity 21114K, committed 21296K, reserved 1069056K
  class space    used 2189K, capacity 2307K, committed 2432K, reserved 1048576K
Event: 15.755 GC heap after
Heap after GC invocations=3 (full 1):
 PSYoungGen      total 38400K, used 0K [0x0000000795580000, 0x0000000798000000, 0x00000007c0000000)
  eden space 33280K, 0% used [0x0000000795580000,0x0000000795580000,0x0000000797600000)
  from space 5120K, 0% used [0x0000000797b00000,0x0000000797b00000,0x0000000798000000)
  to   space 5120K, 0% used [0x0000000797600000,0x0000000797600000,0x0000000797b00000)
 ParOldGen       total 45056K, used 6905K [0x0000000740000000, 0x0000000742c00000, 0x0000000795580000)
  object space 45056K, 15% used [0x0000000740000000,0x00000007406be740,0x0000000742c00000)
 Metaspace       used 20720K, capacity 21114K, committed 21296K, reserved 1069056K
  class space    used 2189K, capacity 2307K, committed 2432K, reserved 1048576K
}
Event: 16.124 GC heap before
{Heap before GC invocations=4 (full 1):
 PSYoungGen      total 38400K, used 33280K [0x0000000795580000, 0x0000000798000000, 0x00000007c0000000)
  eden space 33280K, 100% used [0x0000000795580000,0x0000000797600000,0x0000000797600000)
  from space 5120K, 0% used [0x0000000797b00000,0x0000000797b00000,0x0000000798000000)
  to   space 5120K, 0% used [0x0000000797600000,0x0000000797600000,0x0000000797b00000)
 ParOldGen       total 45056K, used 6905K [0x0000000740000000, 0x0000000742c00000, 0x0000000795580000)
  object space 45056K, 15% used [0x0000000740000000,0x00000007406be740,0x0000000742c00000)
 Metaspace       used 20806K, capacity 21274K, committed 21552K, reserved 1069056K
  class space    used 2195K, capacity 2339K, committed 2432K, reserved 1048576K
Event: 16.133 GC heap after
Heap after GC invocations=4 (full 1):
 PSYoungGen      total 38400K, used 5091K [0x0000000795580000, 0x0000000799880000, 0x00000007c0000000)
  eden space 33280K, 0% used [0x0000000795580000,0x0000000795580000,0x0000000797600000)
  from space 5120K, 99% used [0x0000000797600000,0x0000000797af8ef0,0x0000000797b00000)
  to   space 5120K, 0% used [0x0000000799380000,0x0000000799380000,0x0000000799880000)
 ParOldGen       total 45056K, used 7858K [0x0000000740000000, 0x0000000742c00000, 0x0000000795580000)
  object space 45056K, 17% used [0x0000000740000000,0x00000007407ac980,0x0000000742c00000)
 Metaspace       used 20806K, capacity 21274K, committed 21552K, reserved 1069056K
  class space    used 2195K, capacity 2339K, committed 2432K, reserved 1048576K
}

