# JRE version: Java(TM) SE Runtime Environment (8.0_151-b12) (build 1.8.0_151-b12)
# Java VM: Java HotSpot(TM) 64-Bit Server VM (25.151-b12 mixed mode bsd-amd64 compressed oops)
Heap:
 PSYoungGen      total 439808K, used 12736K [0x0000000795580000, 0x00000007b1500000, 0x00000007c0000000)
  eden space 424448K, 3% used [0x0000000795580000,0x00000007961f02e8,0x00000007af400000)
  from space 15360K, 0% used [0x00000007b0400000,0x00000007b0400000,0x00000007b1300000)
  to   space 16384K, 0% used [0x00000007af400000,0x00000007af400000,0x00000007b0400000)
 ParOldGen       total 51200K, used 6377K [0x0000000740000000, 0x0000000743200000, 0x0000000795580000)
  object space 51200K, 12% used [0x0000000740000000,0x000000074063a550,0x0000000743200000)
 Metaspace       used 21394K, capacity 21826K, committed 22064K, reserved 1069056K
  class space    used 2210K, capacity 2337K, committed 2432K, reserved 1048576K
GC Heap History (10 events):
Event: 18.597 GC heap before
{Heap before GC invocations=7 (full 0):
 PSYoungGen      total 147968K, used 142130K [0x0000000795580000, 0x000000079f580000, 0x00000007c0000000)
  eden space 133120K, 100% used [0x0000000795580000,0x000000079d780000,0x000000079d780000)
  from space 14848K, 60% used [0x000000079e700000,0x000000079efcc9a8,0x000000079f580000)
  to   space 15360K, 0% used [0x000000079d780000,0x000000079d780000,0x000000079e680000)
 ParOldGen       total 87552K, used 25696K [0x0000000740000000, 0x0000000745580000, 0x0000000795580000)
  object space 87552K, 29% used [0x0000000740000000,0x0000000741918020,0x0000000745580000)
 Metaspace       used 20604K, capacity 20962K, committed 21120K, reserved 1069056K
  class space    used 2182K, capacity 2305K, committed 2432K, reserved 1048576K
Event: 18.620 GC heap after
Heap after GC invocations=7 (full 0):
 PSYoungGen      total 148480K, used 8387K [0x0000000795580000, 0x00000007a7680000, 0x00000007c0000000)
  eden space 133120K, 0% used [0x0000000795580000,0x0000000795580000,0x000000079d780000)
  from space 15360K, 54% used [0x000000079d780000,0x000000079dfb0dc8,0x000000079e680000)
  to   space 14848K, 0% used [0x00000007a6800000,0x00000007a6800000,0x00000007a7680000)
 ParOldGen       total 87552K, used 29279K [0x0000000740000000, 0x0000000745580000, 0x0000000795580000)
  object space 87552K, 33% used [0x0000000740000000,0x0000000741c97d20,0x0000000745580000)
 Metaspace       used 20604K, capacity 20962K, committed 21120K, reserved 1069056K
  class space    used 2182K, capacity 2305K, committed 2432K, reserved 1048576K
}
Event: 18.982 GC heap before
{Heap before GC invocations=8 (full 0):
 PSYoungGen      total 148480K, used 141507K [0x0000000795580000, 0x00000007a7680000, 0x00000007c0000000)
  eden space 133120K, 100% used [0x0000000795580000,0x000000079d780000,0x000000079d780000)
  from space 15360K, 54% used [0x000000079d780000,0x000000079dfb0dc8,0x000000079e680000)
  to   space 14848K, 0% used [0x00000007a6800000,0x00000007a6800000,0x00000007a7680000)
 ParOldGen       total 87552K, used 29279K [0x0000000740000000, 0x0000000745580000, 0x0000000795580000)
  object space 87552K, 33% used [0x0000000740000000,0x0000000741c97d20,0x0000000745580000)
 Metaspace       used 20625K, capacity 21026K, committed 21296K, reserved 1069056K
  class space    used 2182K, capacity 2305K, committed 2432K, reserved 1048576K
Event: 18.991 GC heap after
Heap after GC invocations=8 (full 0):
 PSYoungGen      total 280576K, used 4149K [0x0000000795580000, 0x00000007a7780000, 0x00000007c0000000)
  eden space 265728K, 0% used [0x0000000795580000,0x0000000795580000,0x00000007a5900000)
  from space 14848K, 27% used [0x00000007a6800000,0x00000007a6c0d4c8,0x00000007a7680000)
  to   space 15360K, 0% used [0x00000007a5900000,0x00000007a5900000,0x00000007a6800000)
 ParOldGen       total 87552K, used 30733K [0x0000000740000000, 0x0000000745580000, 0x0000000795580000)
  object space 87552K, 35% used [0x0000000740000000,0x0000000741e034f8,0x0000000745580000)
 Metaspace       used 20625K, capacity 21026K, committed 21296K, reserved 1069056K
  class space    used 2182K, capacity 2305K, committed 2432K, reserved 1048576K
}
Event: 20.849 GC heap before
{Heap before GC invocations=9 (full 0):
 PSYoungGen      total 280576K, used 269877K [0x0000000795580000, 0x00000007a7780000, 0x00000007c0000000)
  eden space 265728K, 100% used [0x0000000795580000,0x00000007a5900000,0x00000007a5900000)
  from space 14848K, 27% used [0x00000007a6800000,0x00000007a6c0d4c8,0x00000007a7680000)
  to   space 15360K, 0% used [0x00000007a5900000,0x00000007a5900000,0x00000007a6800000)
 ParOldGen       total 87552K, used 30733K [0x0000000740000000, 0x0000000745580000, 0x0000000795580000)
  object space 87552K, 35% used [0x0000000740000000,0x0000000741e034f8,0x0000000745580000)
 Metaspace       used 20634K, capacity 21090K, committed 21296K, reserved 1069056K
  class space    used 2182K, capacity 2305K, committed 2432K, reserved 1048576K
Event: 20.864 GC heap after
Heap after GC invocations=9 (full 0):
 PSYoungGen      total 281088K, used 4347K [0x0000000795580000, 0x00000007b1300000, 0x00000007c0000000)
  eden space 265728K, 0% used [0x0000000795580000,0x0000000795580000,0x00000007a5900000)
  from space 15360K, 28% used [0x00000007a5900000,0x00000007a5d3ef48,0x00000007a6800000)
  to   space 15360K, 0% used [0x00000007b0400000,0x00000007b0400000,0x00000007b1300000)
 ParOldGen       total 87552K, used 33838K [0x0000000740000000, 0x0000000745580000, 0x0000000795580000)
  object space 87552K, 38% used [0x0000000740000000,0x000000074210bb90,0x0000000745580000)
 Metaspace       used 20634K, capacity 21090K, committed 21296K, reserved 1069056K
  class space    used 2182K, capacity 2305K, committed 2432K, reserved 1048576K
}
Event: 22.369 GC heap before
{Heap before GC invocations=10 (full 0):
 PSYoungGen      total 281088K, used 177369K [0x0000000795580000, 0x00000007b1300000, 0x00000007c0000000)
  eden space 265728K, 65% used [0x0000000795580000,0x000000079fe776f0,0x00000007a5900000)
  from space 15360K, 28% used [0x00000007a5900000,0x00000007a5d3ef48,0x00000007a6800000)
  to   space 15360K, 0% used [0x00000007b0400000,0x00000007b0400000,0x00000007b1300000)
 ParOldGen       total 87552K, used 33838K [0x0000000740000000, 0x0000000745580000, 0x0000000795580000)
  object space 87552K, 38% used [0x0000000740000000,0x000000074210bb90,0x0000000745580000)
 Metaspace       used 20696K, capacity 21090K, committed 21296K, reserved 1069056K
  class space    used 2184K, capacity 2305K, committed 2432K, reserved 1048576K
Event: 22.371 GC heap after
Heap after GC invocations=10 (full 0):
 PSYoungGen      total 439808K, used 276K [0x0000000795580000, 0x00000007b1500000, 0x00000007c0000000)
  eden space 424448K, 0% used [0x0000000795580000,0x0000000795580000,0x00000007af400000)
  from space 15360K, 1% used [0x00000007b0400000,0x00000007b0445388,0x00000007b1300000)
  to   space 16384K, 0% used [0x00000007af400000,0x00000007af400000,0x00000007b0400000)
 ParOldGen       total 87552K, used 33862K [0x0000000740000000, 0x0000000745580000, 0x0000000795580000)
  object space 87552K, 38% used [0x0000000740000000,0x0000000742111b90,0x0000000745580000)
 Metaspace       used 20696K, capacity 21090K, committed 21296K, reserved 1069056K
  class space    used 2184K, capacity 2305K, committed 2432K, reserved 1048576K
}
Event: 22.371 GC heap before
{Heap before GC invocations=11 (full 1):
 PSYoungGen      total 439808K, used 276K [0x0000000795580000, 0x00000007b1500000, 0x00000007c0000000)
  eden space 424448K, 0% used [0x0000000795580000,0x0000000795580000,0x00000007af400000)
  from space 15360K, 1% used [0x00000007b0400000,0x00000007b0445388,0x00000007b1300000)
  to   space 16384K, 0% used [0x00000007af400000,0x00000007af400000,0x00000007b0400000)
 ParOldGen       total 87552K, used 33862K [0x0000000740000000, 0x0000000745580000, 0x0000000795580000)
  object space 87552K, 38% used [0x0000000740000000,0x0000000742111b90,0x0000000745580000)
 Metaspace       used 20696K, capacity 21090K, committed 21296K, reserved 1069056K
  class space    used 2184K, capacity 2305K, committed 2432K, reserved 1048576K
Event: 22.413 GC heap after
Heap after GC invocations=11 (full 1):
 PSYoungGen      total 439808K, used 0K [0x0000000795580000, 0x00000007b1500000, 0x00000007c0000000)
  eden space 424448K, 0% used [0x0000000795580000,0x0000000795580000,0x00000007af400000)
  from space 15360K, 0% used [0x00000007b0400000,0x00000007b0400000,0x00000007b1300000)
  to   space 16384K, 0% used [0x00000007af400000,0x00000007af400000,0x00000007b0400000)
 ParOldGen       total 51200K, used 6377K [0x0000000740000000, 0x0000000743200000, 0x0000000795580000)
  object space 51200K, 12% used [0x0000000740000000,0x000000074063a550,0x0000000743200000)
 Metaspace       used 20696K, capacity 21090K, committed 21296K, reserved 1069056K
  class space    used 2184K, capacity 2305K, committed 2432K, reserved 1048576K
}

