# JRE version: Java(TM) SE Runtime Environment (8.0_151-b12) (build 1.8.0_151-b12)
# Java VM: Java HotSpot(TM) 64-Bit Server VM (25.151-b12 mixed mode bsd-amd64 compressed oops)
Heap:
 PSYoungGen      total 38400K, used 15460K [0x0000000795580000, 0x000000079a080000, 0x00000007c0000000)
  eden space 33280K, 46% used [0x0000000795580000,0x0000000796499048,0x0000000797600000)
  from space 5120K, 0% used [0x0000000797600000,0x0000000797600000,0x0000000797b00000)
  to   space 5120K, 0% used [0x0000000799b80000,0x0000000799b80000,0x000000079a080000)
 ParOldGen       total 56320K, used 10115K [0x0000000740000000, 0x0000000743700000, 0x0000000795580000)
  object space 56320K, 17% used [0x0000000740000000,0x00000007409e0ec0,0x0000000743700000)
 Metaspace       used 21965K, capacity 22422K, committed 22576K, reserved 1069056K
  class space    used 2259K, capacity 2403K, committed 2432K, reserved 1048576K
GC Heap History (8 events):
Event: 10.347 GC heap before
{Heap before GC invocations=1 (full 0):
 PSYoungGen      total 38400K, used 33143K [0x0000000795580000, 0x0000000798000000, 0x00000007c0000000)
  eden space 33280K, 99% used [0x0000000795580000,0x00000007975ddd10,0x0000000797600000)
  from space 5120K, 0% used [0x0000000797b00000,0x0000000797b00000,0x0000000798000000)
  to   space 5120K, 0% used [0x0000000797600000,0x0000000797600000,0x0000000797b00000)
 ParOldGen       total 87552K, used 0K [0x0000000740000000, 0x0000000745580000, 0x0000000795580000)
  object space 87552K, 0% used [0x0000000740000000,0x0000000740000000,0x0000000745580000)
 Metaspace       used 18039K, capacity 18408K, committed 18560K, reserved 1064960K
  class space    used 1963K, capacity 2068K, committed 2176K, reserved 1048576K
Event: 10.369 GC heap after
Heap after GC invocations=1 (full 0):
 PSYoungGen      total 38400K, used 5103K [0x0000000795580000, 0x0000000798000000, 0x00000007c0000000)
  eden space 33280K, 0% used [0x0000000795580000,0x0000000795580000,0x0000000797600000)
  from space 5120K, 99% used [0x0000000797600000,0x0000000797afbd50,0x0000000797b00000)
  to   space 5120K, 0% used [0x0000000797b00000,0x0000000797b00000,0x0000000798000000)
 ParOldGen       total 87552K, used 1567K [0x0000000740000000, 0x0000000745580000, 0x0000000795580000)
  object space 87552K, 1% used [0x0000000740000000,0x0000000740187e60,0x0000000745580000)
 Metaspace       used 18039K, capacity 18408K, committed 18560K, reserved 1064960K
  class space    used 1963K, capacity 2068K, committed 2176K, reserved 1048576K
}
Event: 22.143 GC heap before
{Heap before GC invocations=2 (full 0):
 PSYoungGen      total 38400K, used 38383K [0x0000000795580000, 0x0000000798000000, 0x00000007c0000000)
  eden space 33280K, 100% used [0x0000000795580000,0x0000000797600000,0x0000000797600000)
  from space 5120K, 99% used [0x0000000797600000,0x0000000797afbd50,0x0000000797b00000)
  to   space 5120K, 0% used [0x0000000797b00000,0x0000000797b00000,0x0000000798000000)
 ParOldGen       total 87552K, used 1567K [0x0000000740000000, 0x0000000745580000, 0x0000000795580000)
  object space 87552K, 1% used [0x0000000740000000,0x0000000740187e60,0x0000000745580000)
 Metaspace       used 20694K, capacity 21142K, committed 21296K, reserved 1069056K
  class space    used 2187K, capacity 2339K, committed 2432K, reserved 1048576K
Event: 22.170 GC heap after
Heap after GC invocations=2 (full 0):
 PSYoungGen      total 38400K, used 5093K [0x0000000795580000, 0x0000000798000000, 0x00000007c0000000)
  eden space 33280K, 0% used [0x0000000795580000,0x0000000795580000,0x0000000797600000)
  from space 5120K, 99% used [0x0000000797b00000,0x0000000797ff97a0,0x0000000798000000)
  to   space 5120K, 0% used [0x0000000797600000,0x0000000797600000,0x0000000797b00000)
 ParOldGen       total 87552K, used 3804K [0x0000000740000000, 0x0000000745580000, 0x0000000795580000)
  object space 87552K, 4% used [0x0000000740000000,0x00000007403b71a8,0x0000000745580000)
 Metaspace       used 20694K, capacity 21142K, committed 21296K, reserved 1069056K
  class space    used 2187K, capacity 2339K, committed 2432K, reserved 1048576K
}
Event: 22.628 GC heap before
{Heap before GC invocations=3 (full 0):
 PSYoungGen      total 38400K, used 26819K [0x0000000795580000, 0x0000000798000000, 0x00000007c0000000)
  eden space 33280K, 65% used [0x0000000795580000,0x0000000796ab76a0,0x0000000797600000)
  from space 5120K, 99% used [0x0000000797b00000,0x0000000797ff97a0,0x0000000798000000)
  to   space 5120K, 0% used [0x0000000797600000,0x0000000797600000,0x0000000797b00000)
 ParOldGen       total 87552K, used 3804K [0x0000000740000000, 0x0000000745580000, 0x0000000795580000)
  object space 87552K, 4% used [0x0000000740000000,0x00000007403b71a8,0x0000000745580000)
 Metaspace       used 20749K, capacity 21142K, committed 21296K, reserved 1069056K
  class space    used 2190K, capacity 2339K, committed 2432K, reserved 1048576K
Event: 22.657 GC heap after
Heap after GC invocations=3 (full 0):
 PSYoungGen      total 38400K, used 5114K [0x0000000795580000, 0x000000079a080000, 0x00000007c0000000)
  eden space 33280K, 0% used [0x0000000795580000,0x0000000795580000,0x0000000797600000)
  from space 5120K, 99% used [0x0000000797600000,0x0000000797afe800,0x0000000797b00000)
  to   space 5120K, 0% used [0x0000000799b80000,0x0000000799b80000,0x000000079a080000)
 ParOldGen       total 87552K, used 7314K [0x0000000740000000, 0x0000000745580000, 0x0000000795580000)
  object space 87552K, 8% used [0x0000000740000000,0x0000000740724aa8,0x0000000745580000)
 Metaspace       used 20749K, capacity 21142K, committed 21296K, reserved 1069056K
  class space    used 2190K, capacity 2339K, committed 2432K, reserved 1048576K
}
Event: 22.657 GC heap before
{Heap before GC invocations=4 (full 1):
 PSYoungGen      total 38400K, used 5114K [0x0000000795580000, 0x000000079a080000, 0x00000007c0000000)
  eden space 33280K, 0% used [0x0000000795580000,0x0000000795580000,0x0000000797600000)
  from space 5120K, 99% used [0x0000000797600000,0x0000000797afe800,0x0000000797b00000)
  to   space 5120K, 0% used [0x0000000799b80000,0x0000000799b80000,0x000000079a080000)
 ParOldGen       total 87552K, used 7314K [0x0000000740000000, 0x0000000745580000, 0x0000000795580000)
  object space 87552K, 8% used [0x0000000740000000,0x0000000740724aa8,0x0000000745580000)
 Metaspace       used 20749K, capacity 21142K, committed 21296K, reserved 1069056K
  class space    used 2190K, capacity 2339K, committed 2432K, reserved 1048576K
Event: 22.810 GC heap after
Heap after GC invocations=4 (full 1):
 PSYoungGen      total 38400K, used 0K [0x0000000795580000, 0x000000079a080000, 0x00000007c0000000)
  eden space 33280K, 0% used [0x0000000795580000,0x0000000795580000,0x0000000797600000)
  from space 5120K, 0% used [0x0000000797600000,0x0000000797600000,0x0000000797b00000)
  to   space 5120K, 0% used [0x0000000799b80000,0x0000000799b80000,0x000000079a080000)
 ParOldGen       total 56320K, used 10115K [0x0000000740000000, 0x0000000743700000, 0x0000000795580000)
  object space 56320K, 17% used [0x0000000740000000,0x00000007409e0ec0,0x0000000743700000)
 Metaspace       used 20749K, capacity 21142K, committed 21296K, reserved 1069056K
  class space    used 2190K, capacity 2339K, committed 2432K, reserved 1048576K
}

