# JRE version: Java(TM) SE Runtime Environment (8.0_151-b12) (build 1.8.0_151-b12)
# Java VM: Java HotSpot(TM) 64-Bit Server VM (25.151-b12 mixed mode bsd-amd64 compressed oops)
Heap:
 PSYoungGen      total 459776K, used 54069K [0x0000000795580000, 0x00000007ba100000, 0x00000007c0000000)
  eden space 432640K, 12% used [0x0000000795580000,0x000000079899fbe8,0x00000007afc00000)
  from space 27136K, 2% used [0x00000007afc00000,0x00000007afcadba8,0x00000007b1680000)
  to   space 27136K, 0% used [0x00000007b8680000,0x00000007b8680000,0x00000007ba100000)
 ParOldGen       total 115200K, used 60718K [0x0000000740000000, 0x0000000747080000, 0x0000000795580000)
  object space 115200K, 52% used [0x0000000740000000,0x0000000743b4bbb8,0x0000000747080000)
 Metaspace       used 21649K, capacity 22038K, committed 22320K, reserved 1069056K
  class space    used 2216K, capacity 2337K, committed 2432K, reserved 1048576K
GC Heap History (10 events):
Event: 20.472 GC heap before
{Heap before GC invocations=11 (full 1):
 PSYoungGen      total 233984K, used 233959K [0x0000000795580000, 0x00000007abb00000, 0x00000007c0000000)
  eden space 224768K, 100% used [0x0000000795580000,0x00000007a3100000,0x00000007a3100000)
  from space 9216K, 99% used [0x00000007a3100000,0x00000007a39f9d00,0x00000007a3a00000)
  to   space 10752K, 0% used [0x00000007ab080000,0x00000007ab080000,0x00000007abb00000)
 ParOldGen       total 48128K, used 11715K [0x0000000740000000, 0x0000000742f00000, 0x0000000795580000)
  object space 48128K, 24% used [0x0000000740000000,0x0000000740b70e08,0x0000000742f00000)
 Metaspace       used 20841K, capacity 21238K, committed 21552K, reserved 1069056K
  class space    used 2189K, capacity 2305K, committed 2432K, reserved 1048576K
Event: 20.552 GC heap after
Heap after GC invocations=11 (full 1):
 PSYoungGen      total 341504K, used 10742K [0x0000000795580000, 0x00000007adf00000, 0x00000007c0000000)
  eden space 330752K, 0% used [0x0000000795580000,0x0000000795580000,0x00000007a9880000)
  from space 10752K, 99% used [0x00000007ab080000,0x00000007abafda20,0x00000007abb00000)
  to   space 24576K, 0% used [0x00000007a9880000,0x00000007a9880000,0x00000007ab080000)
 ParOldGen       total 48128K, used 45513K [0x0000000740000000, 0x0000000742f00000, 0x0000000795580000)
  object space 48128K, 94% used [0x0000000740000000,0x0000000742c726d8,0x0000000742f00000)
 Metaspace       used 20841K, capacity 21238K, committed 21552K, reserved 1069056K
  class space    used 2189K, capacity 2305K, committed 2432K, reserved 1048576K
}
Event: 20.552 GC heap before
{Heap before GC invocations=12 (full 2):
 PSYoungGen      total 341504K, used 10742K [0x0000000795580000, 0x00000007adf00000, 0x00000007c0000000)
  eden space 330752K, 0% used [0x0000000795580000,0x0000000795580000,0x00000007a9880000)
  from space 10752K, 99% used [0x00000007ab080000,0x00000007abafda20,0x00000007abb00000)
  to   space 24576K, 0% used [0x00000007a9880000,0x00000007a9880000,0x00000007ab080000)
 ParOldGen       total 48128K, used 45513K [0x0000000740000000, 0x0000000742f00000, 0x0000000795580000)
  object space 48128K, 94% used [0x0000000740000000,0x0000000742c726d8,0x0000000742f00000)
 Metaspace       used 20841K, capacity 21238K, committed 21552K, reserved 1069056K
  class space    used 2189K, capacity 2305K, committed 2432K, reserved 1048576K
Event: 20.966 GC heap after
Heap after GC invocations=12 (full 2):
 PSYoungGen      total 341504K, used 3570K [0x0000000795580000, 0x00000007adf00000, 0x00000007c0000000)
  eden space 330752K, 0% used [0x0000000795580000,0x0000000795580000,0x00000007a9880000)
  from space 10752K, 33% used [0x00000007ab080000,0x00000007ab3fcbc8,0x00000007abb00000)
  to   space 24576K, 0% used [0x00000007a9880000,0x00000007a9880000,0x00000007ab080000)
 ParOldGen       total 115200K, used 47871K [0x0000000740000000, 0x0000000747080000, 0x0000000795580000)
  object space 115200K, 41% used [0x0000000740000000,0x0000000742ebfc10,0x0000000747080000)
 Metaspace       used 20841K, capacity 21238K, committed 21552K, reserved 1069056K
  class space    used 2189K, capacity 2305K, committed 2432K, reserved 1048576K
}
Event: 21.875 GC heap before
{Heap before GC invocations=13 (full 2):
 PSYoungGen      total 341504K, used 334322K [0x0000000795580000, 0x00000007adf00000, 0x00000007c0000000)
  eden space 330752K, 100% used [0x0000000795580000,0x00000007a9880000,0x00000007a9880000)
  from space 10752K, 33% used [0x00000007ab080000,0x00000007ab3fcbc8,0x00000007abb00000)
  to   space 24576K, 0% used [0x00000007a9880000,0x00000007a9880000,0x00000007ab080000)
 ParOldGen       total 115200K, used 47871K [0x0000000740000000, 0x0000000747080000, 0x0000000795580000)
  object space 115200K, 41% used [0x0000000740000000,0x0000000742ebfc10,0x0000000747080000)
 Metaspace       used 20849K, capacity 21238K, committed 21552K, reserved 1069056K
  class space    used 2189K, capacity 2305K, committed 2432K, reserved 1048576K
Event: 21.926 GC heap after
Heap after GC invocations=13 (full 2):
 PSYoungGen      total 355328K, used 19900K [0x0000000795580000, 0x00000007b3c00000, 0x00000007c0000000)
  eden space 330752K, 0% used [0x0000000795580000,0x0000000795580000,0x00000007a9880000)
  from space 24576K, 80% used [0x00000007a9880000,0x00000007aabef1f8,0x00000007ab080000)
  to   space 26624K, 0% used [0x00000007b2200000,0x00000007b2200000,0x00000007b3c00000)
 ParOldGen       total 115200K, used 51472K [0x0000000740000000, 0x0000000747080000, 0x0000000795580000)
  object space 115200K, 44% used [0x0000000740000000,0x0000000743244128,0x0000000747080000)
 Metaspace       used 20849K, capacity 21238K, committed 21552K, reserved 1069056K
  class space    used 2189K, capacity 2305K, committed 2432K, reserved 1048576K
}
Event: 24.350 GC heap before
{Heap before GC invocations=14 (full 2):
 PSYoungGen      total 355328K, used 350652K [0x0000000795580000, 0x00000007b3c00000, 0x00000007c0000000)
  eden space 330752K, 100% used [0x0000000795580000,0x00000007a9880000,0x00000007a9880000)
  from space 24576K, 80% used [0x00000007a9880000,0x00000007aabef1f8,0x00000007ab080000)
  to   space 26624K, 0% used [0x00000007b2200000,0x00000007b2200000,0x00000007b3c00000)
 ParOldGen       total 115200K, used 51472K [0x0000000740000000, 0x0000000747080000, 0x0000000795580000)
  object space 115200K, 44% used [0x0000000740000000,0x0000000743244128,0x0000000747080000)
 Metaspace       used 20861K, capacity 21238K, committed 21552K, reserved 1069056K
  class space    used 2189K, capacity 2305K, committed 2432K, reserved 1048576K
Event: 24.369 GC heap after
Heap after GC invocations=14 (full 2):
 PSYoungGen      total 448000K, used 368K [0x0000000795580000, 0x00000007b3100000, 0x00000007c0000000)
  eden space 432640K, 0% used [0x0000000795580000,0x0000000795580000,0x00000007afc00000)
  from space 15360K, 2% used [0x00000007b2200000,0x00000007b225c010,0x00000007b3100000)
  to   space 27136K, 0% used [0x00000007afc00000,0x00000007afc00000,0x00000007b1680000)
 ParOldGen       total 115200K, used 60678K [0x0000000740000000, 0x0000000747080000, 0x0000000795580000)
  object space 115200K, 52% used [0x0000000740000000,0x0000000743b41bb8,0x0000000747080000)
 Metaspace       used 20861K, capacity 21238K, committed 21552K, reserved 1069056K
  class space    used 2189K, capacity 2305K, committed 2432K, reserved 1048576K
}
Event: 27.788 GC heap before
{Heap before GC invocations=15 (full 2):
 PSYoungGen      total 448000K, used 433008K [0x0000000795580000, 0x00000007b3100000, 0x00000007c0000000)
  eden space 432640K, 100% used [0x0000000795580000,0x00000007afc00000,0x00000007afc00000)
  from space 15360K, 2% used [0x00000007b2200000,0x00000007b225c010,0x00000007b3100000)
  to   space 27136K, 0% used [0x00000007afc00000,0x00000007afc00000,0x00000007b1680000)
 ParOldGen       total 115200K, used 60678K [0x0000000740000000, 0x0000000747080000, 0x0000000795580000)
  object space 115200K, 52% used [0x0000000740000000,0x0000000743b41bb8,0x0000000747080000)
 Metaspace       used 20875K, capacity 21238K, committed 21552K, reserved 1069056K
  class space    used 2189K, capacity 2305K, committed 2432K, reserved 1048576K
Event: 27.791 GC heap after
Heap after GC invocations=15 (full 2):
 PSYoungGen      total 459776K, used 694K [0x0000000795580000, 0x00000007ba100000, 0x00000007c0000000)
  eden space 432640K, 0% used [0x0000000795580000,0x0000000795580000,0x00000007afc00000)
  from space 27136K, 2% used [0x00000007afc00000,0x00000007afcadba8,0x00000007b1680000)
  to   space 27136K, 0% used [0x00000007b8680000,0x00000007b8680000,0x00000007ba100000)
 ParOldGen       total 115200K, used 60718K [0x0000000740000000, 0x0000000747080000, 0x0000000795580000)
  object space 115200K, 52% used [0x0000000740000000,0x0000000743b4bbb8,0x0000000747080000)
 Metaspace       used 20875K, capacity 21238K, committed 21552K, reserved 1069056K
  class space    used 2189K, capacity 2305K, committed 2432K, reserved 1048576K
}

